<?xml version="1.0" encoding="UTF-8"?>
<coverage generated="1526770214078" clover="3.2.0">
  <project timestamp="1526770214079" name="All files">
    <metrics statements="6" coveredstatements="4" conditionals="0" coveredconditionals="0" methods="3" coveredmethods="2" elements="9" coveredelements="6" complexity="0" loc="6" ncloc="6" packages="1" files="1" classes="1">
      <file name="list.js" path="/Users/t/CODEFELLOWS/401_labs/02-tools-and-context/lab-tyler/lib/list.js">
        <metrics statements="6" coveredstatements="4" conditionals="0" coveredconditionals="0" methods="3" coveredmethods="2"/>
        <line num="6" count="4" type="stmt"/>
        <line num="9" count="4" type="stmt"/>
        <line num="10" count="4" type="stmt"/>
        <line num="13" count="0" type="stmt"/>
        <line num="14" count="0" type="stmt"/>
        <line num="18" count="1" type="stmt"/>
      </file>
    </metrics>
  </project>
</coverage>
