<?xml version="1.0" encoding="UTF-8"?>
<coverage generated="1526777514784" clover="3.2.0">
  <project timestamp="1526777514784" name="All files">
    <metrics statements="16" coveredstatements="10" conditionals="3" coveredconditionals="2" methods="4" coveredmethods="3" elements="23" coveredelements="15" complexity="0" loc="16" ncloc="16" packages="1" files="1" classes="1">
      <file name="list.js" path="/Users/t/CODEFELLOWS/401_labs/02-tools-and-context/lab-tyler/lib/list.js">
        <metrics statements="16" coveredstatements="10" conditionals="3" coveredconditionals="2" methods="4" coveredmethods="3"/>
        <line num="6" count="4" type="stmt"/>
        <line num="8" count="4" type="stmt"/>
        <line num="9" count="0" type="stmt"/>
        <line num="13" count="8" type="stmt"/>
        <line num="14" count="8" type="stmt"/>
        <line num="17" count="2" type="cond" truecount="1" falsecount="1"/>
        <line num="18" count="0" type="stmt"/>
        <line num="20" count="2" type="stmt"/>
        <line num="21" count="2" type="stmt"/>
        <line num="22" count="2" type="stmt"/>
        <line num="23" count="2" type="stmt"/>
        <line num="27" count="0" type="stmt"/>
        <line num="29" count="0" type="stmt"/>
        <line num="30" count="0" type="stmt"/>
        <line num="32" count="0" type="stmt"/>
        <line num="35" count="1" type="stmt"/>
      </file>
    </metrics>
  </project>
</coverage>
