TN:
SF:/Users/t/CODEFELLOWS/401_labs/02-tools-and-context/lab-tyler/lib/list.js
FN:5,(anonymous_0)
FN:12,(anonymous_1)
FN:16,(anonymous_2)
FN:34,(anonymous_3)
FN:41,(anonymous_4)
FN:49,(anonymous_5)
FNF:6
FNH:6
FNDA:12,(anonymous_0)
FNDA:29,(anonymous_1)
FNDA:2,(anonymous_2)
FNDA:3,(anonymous_3)
FNDA:2,(anonymous_4)
FNDA:1,(anonymous_5)
DA:6,12
DA:8,12
DA:9,0
DA:13,29
DA:14,29
DA:17,2
DA:18,0
DA:20,2
DA:21,2
DA:22,2
DA:23,2
DA:35,3
DA:36,3
DA:39,3
DA:42,2
DA:43,2
DA:44,2
DA:45,6
DA:47,2
DA:50,1
DA:51,1
DA:52,1
DA:53,3
DA:55,1
DA:58,1
LF:25
LH:23
BRDA:5,0,0,12
BRDA:17,1,0,0
BRDA:17,1,1,2
BRDA:53,2,0,0
BRDA:53,2,1,3
BRF:5
BRH:3
end_of_record
