TN:
SF:/Users/t/CODEFELLOWS/401_labs/02-tools-and-context/lab-tyler/lib/list.js
FN:5,(anonymous_0)
FN:12,(anonymous_1)
FN:16,(anonymous_2)
FN:34,(anonymous_3)
FN:41,(anonymous_4)
FN:52,(anonymous_5)
FNF:6
FNH:6
FNDA:17,(anonymous_0)
FNDA:26,(anonymous_1)
FNDA:2,(anonymous_2)
FNDA:3,(anonymous_3)
FNDA:3,(anonymous_4)
FNDA:3,(anonymous_5)
DA:6,17
DA:8,17
DA:9,0
DA:13,26
DA:14,26
DA:17,2
DA:18,0
DA:20,2
DA:21,2
DA:22,2
DA:23,2
DA:35,3
DA:36,3
DA:39,3
DA:42,3
DA:43,3
DA:44,6
DA:45,6
DA:47,3
DA:48,1
DA:50,2
DA:53,3
DA:54,3
DA:55,3
DA:56,6
DA:58,3
DA:61,1
LF:27
LH:25
BRDA:5,0,0,17
BRDA:17,1,0,0
BRDA:17,1,1,2
BRDA:47,2,0,1
BRDA:47,2,1,2
BRDA:56,3,0,2
BRDA:56,3,1,4
BRF:7
BRH:6
end_of_record
